app/build/intermediates/manifest_merge_blame_file/debug/processDebugMainManifest/manifest-merger-blame-debug-report.txt
1<?xml version="1.0" encoding="utf-8"?>
2<manifest xmlns:android="http://schemas.android.com/apk/res/android"
3    package="com.example.mychatapp"
4    android:versionCode="1"
5    android:versionName="1.0" >
6
7    <uses-sdk
8        android:minSdkVersion="21"
9        android:targetSdkVersion="32" />
10
11    <uses-permission android:name="android.permission.INTERNET" />
11-->[com.google.firebase:firebase-auth:21.1.0] AndroidManifest.xml:23:5-67
11-->[com.google.firebase:firebase-auth:21.1.0] AndroidManifest.xml:23:22-64
12    <uses-permission android:name="android.permission.ACCESS_NETWORK_STATE" />
12-->[com.google.firebase:firebase-auth:21.1.0] AndroidManifest.xml:24:5-79
12-->[com.google.firebase:firebase-auth:21.1.0] AndroidManifest.xml:24:22-76
13
14    <application
14-->src\main\AndroidManifest.xml:5:5-51:19
15        android:allowBackup="true"
15-->src\main\AndroidManifest.xml:6:9-35
16        android:appComponentFactory="androidx.core.app.CoreComponentFactory"
16-->[androidx.core:core:1.8.0] AndroidManifest.xml:24:18-86
17        android:dataExtractionRules="@xml/data_extraction_rules"
17-->src\main\AndroidManifest.xml:7:9-65
18        android:debuggable="true"
19        android:extractNativeLibs="true"
20        android:fullBackupContent="@xml/backup_rules"
20-->src\main\AndroidManifest.xml:8:9-54
21        android:icon="@mipmap/ic_launcher"
21-->src\main\AndroidManifest.xml:9:9-43
22        android:label="@string/app_name"
22-->src\main\AndroidManifest.xml:10:9-41
23        android:roundIcon="@mipmap/ic_launcher_round"
23-->src\main\AndroidManifest.xml:11:9-54
24        android:supportsRtl="true"
24-->src\main\AndroidManifest.xml:12:9-35
25        android:testOnly="true"
26        android:theme="@style/Theme.MyChatApp" >
26-->src\main\AndroidManifest.xml:13:9-47
27        <activity
27-->src\main\AndroidManifest.xml:15:9-26:20
28            android:name="com.example.mychatapp.SplashActivity"
28-->src\main\AndroidManifest.xml:16:13-43
29            android:exported="true" >
29-->src\main\AndroidManifest.xml:17:13-36
30            <intent-filter>
30-->src\main\AndroidManifest.xml:18:13-22:29
31                <action android:name="android.intent.action.MAIN" />
31-->src\main\AndroidManifest.xml:19:17-69
31-->src\main\AndroidManifest.xml:19:25-66
32
33                <category android:name="android.intent.category.LAUNCHER" />
33-->src\main\AndroidManifest.xml:21:17-77
33-->src\main\AndroidManifest.xml:21:27-74
34            </intent-filter>
35
36            <meta-data
36-->src\main\AndroidManifest.xml:23:13-25:36
37                android:name="android.app.lib_name"
37-->src\main\AndroidManifest.xml:24:17-52
38                android:value="" />
38-->src\main\AndroidManifest.xml:25:17-33
39        </activity>
40        <activity
40-->src\main\AndroidManifest.xml:27:9-34:20
41            android:name="com.example.mychatapp.RegisterActivity"
41-->src\main\AndroidManifest.xml:28:13-45
42            android:exported="false" >
42-->src\main\AndroidManifest.xml:29:13-37
43            <meta-data
43-->src\main\AndroidManifest.xml:23:13-25:36
44                android:name="android.app.lib_name"
44-->src\main\AndroidManifest.xml:24:17-52
45                android:value="" />
45-->src\main\AndroidManifest.xml:25:17-33
46        </activity>
47        <activity
47-->src\main\AndroidManifest.xml:35:9-41:20
48            android:name="com.example.mychatapp.LoginActivity"
48-->src\main\AndroidManifest.xml:36:13-42
49            android:exported="false" >
49-->src\main\AndroidManifest.xml:37:13-37
50            <meta-data
50-->src\main\AndroidManifest.xml:23:13-25:36
51                android:name="android.app.lib_name"
51-->src\main\AndroidManifest.xml:24:17-52
52                android:value="" />
52-->src\main\AndroidManifest.xml:25:17-33
53        </activity>
54        <activity
54-->src\main\AndroidManifest.xml:42:9-50:20
55            android:name="com.example.mychatapp.MainActivity"
55-->src\main\AndroidManifest.xml:43:13-41
56            android:exported="false"
56-->src\main\AndroidManifest.xml:44:13-37
57            android:label="@string/app_name"
57-->src\main\AndroidManifest.xml:45:13-45
58            android:theme="@style/Theme.MyChatApp.NoActionBar" >
58-->src\main\AndroidManifest.xml:46:13-63
59            <meta-data
59-->src\main\AndroidManifest.xml:23:13-25:36
60                android:name="android.app.lib_name"
60-->src\main\AndroidManifest.xml:24:17-52
61                android:value="" />
61-->src\main\AndroidManifest.xml:25:17-33
62        </activity>
63        <activity
63-->[com.google.firebase:firebase-auth:21.1.0] AndroidManifest.xml:27:9-44:20
64            android:name="com.google.firebase.auth.internal.GenericIdpActivity"
64-->[com.google.firebase:firebase-auth:21.1.0] AndroidManifest.xml:28:13-80
65            android:excludeFromRecents="true"
65-->[com.google.firebase:firebase-auth:21.1.0] AndroidManifest.xml:29:13-46
66            android:exported="true"
66-->[com.google.firebase:firebase-auth:21.1.0] AndroidManifest.xml:30:13-36
67            android:launchMode="singleTask"
67-->[com.google.firebase:firebase-auth:21.1.0] AndroidManifest.xml:31:13-44
68            android:theme="@android:style/Theme.Translucent.NoTitleBar" >
68-->[com.google.firebase:firebase-auth:21.1.0] AndroidManifest.xml:32:13-72
69            <intent-filter>
69-->[com.google.firebase:firebase-auth:21.1.0] AndroidManifest.xml:33:13-43:29
70                <action android:name="android.intent.action.VIEW" />
70-->[com.google.firebase:firebase-auth:21.1.0] AndroidManifest.xml:34:17-69
70-->[com.google.firebase:firebase-auth:21.1.0] AndroidManifest.xml:34:25-66
71
72                <category android:name="android.intent.category.DEFAULT" />
72-->[com.google.firebase:firebase-auth:21.1.0] AndroidManifest.xml:36:17-76
72-->[com.google.firebase:firebase-auth:21.1.0] AndroidManifest.xml:36:27-73
73                <category android:name="android.intent.category.BROWSABLE" />
73-->[com.google.firebase:firebase-auth:21.1.0] AndroidManifest.xml:37:17-78
73-->[com.google.firebase:firebase-auth:21.1.0] AndroidManifest.xml:37:27-75
74
75                <data
75-->[com.google.firebase:firebase-auth:21.1.0] AndroidManifest.xml:39:17-42:51
76                    android:host="firebase.auth"
76-->[com.google.firebase:firebase-auth:21.1.0] AndroidManifest.xml:40:21-49
77                    android:path="/"
77-->[com.google.firebase:firebase-auth:21.1.0] AndroidManifest.xml:41:21-37
78                    android:scheme="genericidp" />
78-->[com.google.firebase:firebase-auth:21.1.0] AndroidManifest.xml:42:21-48
79            </intent-filter>
80        </activity>
81        <activity
81-->[com.google.firebase:firebase-auth:21.1.0] AndroidManifest.xml:45:9-62:20
82            android:name="com.google.firebase.auth.internal.RecaptchaActivity"
82-->[com.google.firebase:firebase-auth:21.1.0] AndroidManifest.xml:46:13-79
83            android:excludeFromRecents="true"
83-->[com.google.firebase:firebase-auth:21.1.0] AndroidManifest.xml:47:13-46
84            android:exported="true"
84-->[com.google.firebase:firebase-auth:21.1.0] AndroidManifest.xml:48:13-36
85            android:launchMode="singleTask"
85-->[com.google.firebase:firebase-auth:21.1.0] AndroidManifest.xml:49:13-44
86            android:theme="@android:style/Theme.Translucent.NoTitleBar" >
86-->[com.google.firebase:firebase-auth:21.1.0] AndroidManifest.xml:50:13-72
87            <intent-filter>
87-->[com.google.firebase:firebase-auth:21.1.0] AndroidManifest.xml:51:13-61:29
88                <action android:name="android.intent.action.VIEW" />
88-->[com.google.firebase:firebase-auth:21.1.0] AndroidManifest.xml:34:17-69
88-->[com.google.firebase:firebase-auth:21.1.0] AndroidManifest.xml:34:25-66
89
90                <category android:name="android.intent.category.DEFAULT" />
90-->[com.google.firebase:firebase-auth:21.1.0] AndroidManifest.xml:36:17-76
90-->[com.google.firebase:firebase-auth:21.1.0] AndroidManifest.xml:36:27-73
91                <category android:name="android.intent.category.BROWSABLE" />
91-->[com.google.firebase:firebase-auth:21.1.0] AndroidManifest.xml:37:17-78
91-->[com.google.firebase:firebase-auth:21.1.0] AndroidManifest.xml:37:27-75
92
93                <data
93-->[com.google.firebase:firebase-auth:21.1.0] AndroidManifest.xml:39:17-42:51
94                    android:host="firebase.auth"
94-->[com.google.firebase:firebase-auth:21.1.0] AndroidManifest.xml:40:21-49
95                    android:path="/"
95-->[com.google.firebase:firebase-auth:21.1.0] AndroidManifest.xml:41:21-37
96                    android:scheme="recaptcha" />
96-->[com.google.firebase:firebase-auth:21.1.0] AndroidManifest.xml:42:21-48
97            </intent-filter>
98        </activity>
99
100        <service
100-->[com.google.firebase:firebase-auth:21.1.0] AndroidManifest.xml:64:9-70:19
101            android:name="com.google.firebase.components.ComponentDiscoveryService"
101-->[com.google.firebase:firebase-auth:21.1.0] AndroidManifest.xml:65:13-84
102            android:directBootAware="true"
102-->[com.google.firebase:firebase-common:20.2.0] AndroidManifest.xml:34:13-43
103            android:exported="false" >
103-->[com.google.firebase:firebase-auth:21.1.0] AndroidManifest.xml:66:13-37
104            <meta-data
104-->[com.google.firebase:firebase-auth:21.1.0] AndroidManifest.xml:67:13-69:85
105                android:name="com.google.firebase.components:com.google.firebase.auth.FirebaseAuthRegistrar"
105-->[com.google.firebase:firebase-auth:21.1.0] AndroidManifest.xml:68:17-109
106                android:value="com.google.firebase.components.ComponentRegistrar" />
106-->[com.google.firebase:firebase-auth:21.1.0] AndroidManifest.xml:69:17-82
107            <meta-data
107-->[com.google.firebase:firebase-database:20.1.0] AndroidManifest.xml:31:13-33:85
108                android:name="com.google.firebase.components:com.google.firebase.database.DatabaseRegistrar"
108-->[com.google.firebase:firebase-database:20.1.0] AndroidManifest.xml:32:17-109
109                android:value="com.google.firebase.components.ComponentRegistrar" />
109-->[com.google.firebase:firebase-database:20.1.0] AndroidManifest.xml:33:17-82
110            <meta-data
110-->[com.google.firebase:firebase-firestore:24.4.1] AndroidManifest.xml:19:13-21:85
111                android:name="com.google.firebase.components:com.google.firebase.firestore.FirestoreRegistrar"
111-->[com.google.firebase:firebase-firestore:24.4.1] AndroidManifest.xml:20:17-111
112                android:value="com.google.firebase.components.ComponentRegistrar" />
112-->[com.google.firebase:firebase-firestore:24.4.1] AndroidManifest.xml:21:17-82
113            <meta-data
113-->[com.google.firebase:firebase-storage:20.1.0] AndroidManifest.xml:32:13-34:85
114                android:name="com.google.firebase.components:com.google.firebase.storage.StorageRegistrar"
114-->[com.google.firebase:firebase-storage:20.1.0] AndroidManifest.xml:33:17-107
115                android:value="com.google.firebase.components.ComponentRegistrar" />
115-->[com.google.firebase:firebase-storage:20.1.0] AndroidManifest.xml:34:17-82
116        </service>
117
118        <provider
118-->[com.squareup.picasso:picasso:2.8] AndroidManifest.xml:8:9-11:40
119            android:name="com.squareup.picasso.PicassoProvider"
119-->[com.squareup.picasso:picasso:2.8] AndroidManifest.xml:9:13-64
120            android:authorities="com.example.mychatapp.com.squareup.picasso"
120-->[com.squareup.picasso:picasso:2.8] AndroidManifest.xml:10:13-72
121            android:exported="false" />
121-->[com.squareup.picasso:picasso:2.8] AndroidManifest.xml:11:13-37
122        <provider
122-->[com.google.firebase:firebase-common:20.2.0] AndroidManifest.xml:25:9-30:39
123            android:name="com.google.firebase.provider.FirebaseInitProvider"
123-->[com.google.firebase:firebase-common:20.2.0] AndroidManifest.xml:26:13-77
124            android:authorities="com.example.mychatapp.firebaseinitprovider"
124-->[com.google.firebase:firebase-common:20.2.0] AndroidManifest.xml:27:13-72
125            android:directBootAware="true"
125-->[com.google.firebase:firebase-common:20.2.0] AndroidManifest.xml:28:13-43
126            android:exported="false"
126-->[com.google.firebase:firebase-common:20.2.0] AndroidManifest.xml:29:13-37
127            android:initOrder="100" />
127-->[com.google.firebase:firebase-common:20.2.0] AndroidManifest.xml:30:13-36
128
129        <activity
129-->[com.google.android.gms:play-services-base:18.0.1] AndroidManifest.xml:20:9-22:45
130            android:name="com.google.android.gms.common.api.GoogleApiActivity"
130-->[com.google.android.gms:play-services-base:18.0.1] AndroidManifest.xml:20:19-85
131            android:exported="false"
131-->[com.google.android.gms:play-services-base:18.0.1] AndroidManifest.xml:22:19-43
132            android:theme="@android:style/Theme.Translucent.NoTitleBar" />
132-->[com.google.android.gms:play-services-base:18.0.1] AndroidManifest.xml:21:19-78
133
134        <meta-data
134-->[com.google.android.gms:play-services-basement:18.1.0] AndroidManifest.xml:21:9-23:69
135            android:name="com.google.android.gms.version"
135-->[com.google.android.gms:play-services-basement:18.1.0] AndroidManifest.xml:22:13-58
136            android:value="@integer/google_play_services_version" />
136-->[com.google.android.gms:play-services-basement:18.1.0] AndroidManifest.xml:23:13-66
137
138        <provider
138-->[androidx.emoji2:emoji2:1.2.0] AndroidManifest.xml:24:9-32:20
139            android:name="androidx.startup.InitializationProvider"
139-->[androidx.emoji2:emoji2:1.2.0] AndroidManifest.xml:25:13-67
140            android:authorities="com.example.mychatapp.androidx-startup"
140-->[androidx.emoji2:emoji2:1.2.0] AndroidManifest.xml:26:13-68
141            android:exported="false" >
141-->[androidx.emoji2:emoji2:1.2.0] AndroidManifest.xml:27:13-37
142            <meta-data
142-->[androidx.emoji2:emoji2:1.2.0] AndroidManifest.xml:29:13-31:52
143                android:name="androidx.emoji2.text.EmojiCompatInitializer"
143-->[androidx.emoji2:emoji2:1.2.0] AndroidManifest.xml:30:17-75
144                android:value="androidx.startup" />
144-->[androidx.emoji2:emoji2:1.2.0] AndroidManifest.xml:31:17-49
145            <meta-data
145-->[androidx.lifecycle:lifecycle-process:2.4.1] AndroidManifest.xml:31:13-33:52
146                android:name="androidx.lifecycle.ProcessLifecycleInitializer"
146-->[androidx.lifecycle:lifecycle-process:2.4.1] AndroidManifest.xml:32:17-78
147                android:value="androidx.startup" />
147-->[androidx.lifecycle:lifecycle-process:2.4.1] AndroidManifest.xml:33:17-49
148        </provider>
149
150        <uses-library
150-->[androidx.window:window:1.0.0] AndroidManifest.xml:25:9-27:40
151            android:name="androidx.window.extensions"
151-->[androidx.window:window:1.0.0] AndroidManifest.xml:26:13-54
152            android:required="false" />
152-->[androidx.window:window:1.0.0] AndroidManifest.xml:27:13-37
153        <uses-library
153-->[androidx.window:window:1.0.0] AndroidManifest.xml:28:9-30:40
154            android:name="androidx.window.sidecar"
154-->[androidx.window:window:1.0.0] AndroidManifest.xml:29:13-51
155            android:required="false" />
155-->[androidx.window:window:1.0.0] AndroidManifest.xml:30:13-37
156    </application>
157
158</manifest>